# JRE version: OpenJDK Runtime Environment (17.0+35) (build 17+35-2724)
# Java VM: OpenJDK 64-Bit Server VM (17+35-2724, mixed mode, emulated-client, sharing, tiered, compressed oops, compressed class ptrs, g1 gc, windows-amd64)
GC Precious Log:
 CPUs: 8 total, 8 available
 Memory: 7865M
 Large Page Support: Disabled
 NUMA Support: Disabled
 Compressed Oops: Enabled (32-bit)
 Heap Region Size: 1M
 Heap Min Capacity: 8M
 Heap Initial Capacity: 124M
 Heap Max Capacity: 1968M
 Pre-touch: Disabled
 Parallel Workers: 8
 Concurrent Workers: 2
 Concurrent Refinement Workers: 8
 Periodic GC: Disabled
Heap:
 garbage-first heap   total 150528K, used 47183K [0x0000000085000000, 0x0000000100000000)
  region size 1024K, 5 young (5120K), 5 survivors (5120K)
 Metaspace       used 94032K, committed 94784K, reserved 1130496K
  class space    used 13774K, committed 14144K, reserved 1048576K
GC Heap History (20 events):
Event: 7.865 GC heap after
{Heap after GC invocations=23 (full 0):
 garbage-first heap   total 86016K, used 37202K [0x0000000085000000, 0x0000000100000000)
  region size 1024K, 6 young (6144K), 6 survivors (6144K)
 Metaspace       used 69566K, committed 70208K, reserved 1114112K
  class space    used 10271K, committed 10560K, reserved 1048576K
}
Event: 7.910 GC heap before
{Heap before GC invocations=23 (full 0):
 garbage-first heap   total 86016K, used 66898K [0x0000000085000000, 0x0000000100000000)
  region size 1024K, 35 young (35840K), 6 survivors (6144K)
 Metaspace       used 69573K, committed 70208K, reserved 1114112K
  class space    used 10271K, committed 10560K, reserved 1048576K
}
Event: 7.917 GC heap after
{Heap after GC invocations=24 (full 0):
 garbage-first heap   total 86016K, used 42633K [0x0000000085000000, 0x0000000100000000)
  region size 1024K, 5 young (5120K), 5 survivors (5120K)
 Metaspace       used 69573K, committed 70208K, reserved 1114112K
  class space    used 10271K, committed 10560K, reserved 1048576K
}
Event: 7.980 GC heap before
{Heap before GC invocations=24 (full 0):
 garbage-first heap   total 86016K, used 67209K [0x0000000085000000, 0x0000000100000000)
  region size 1024K, 29 young (29696K), 5 survivors (5120K)
 Metaspace       used 69574K, committed 70208K, reserved 1114112K
  class space    used 10271K, committed 10560K, reserved 1048576K
}
Event: 7.987 GC heap after
{Heap after GC invocations=25 (full 0):
 garbage-first heap   total 163840K, used 49548K [0x0000000085000000, 0x0000000100000000)
  region size 1024K, 4 young (4096K), 4 survivors (4096K)
 Metaspace       used 69574K, committed 70208K, reserved 1114112K
  class space    used 10271K, committed 10560K, reserved 1048576K
}
Event: 8.482 GC heap before
{Heap before GC invocations=25 (full 0):
 garbage-first heap   total 163840K, used 110988K [0x0000000085000000, 0x0000000100000000)
  region size 1024K, 64 young (65536K), 4 survivors (4096K)
 Metaspace       used 74952K, committed 75648K, reserved 1114112K
  class space    used 10992K, committed 11328K, reserved 1048576K
}
Event: 8.493 GC heap after
{Heap after GC invocations=26 (full 0):
 garbage-first heap   total 163840K, used 52833K [0x0000000085000000, 0x0000000100000000)
  region size 1024K, 8 young (8192K), 8 survivors (8192K)
 Metaspace       used 74952K, committed 75648K, reserved 1114112K
  class space    used 10992K, committed 11328K, reserved 1048576K
}
Event: 9.300 GC heap before
{Heap before GC invocations=26 (full 0):
 garbage-first heap   total 163840K, used 115297K [0x0000000085000000, 0x0000000100000000)
  region size 1024K, 69 young (70656K), 8 survivors (8192K)
 Metaspace       used 79549K, committed 80256K, reserved 1122304K
  class space    used 11680K, committed 11968K, reserved 1048576K
}
Event: 9.308 GC heap after
{Heap after GC invocations=27 (full 0):
 garbage-first heap   total 163840K, used 56155K [0x0000000085000000, 0x0000000100000000)
  region size 1024K, 7 young (7168K), 7 survivors (7168K)
 Metaspace       used 79549K, committed 80256K, reserved 1122304K
  class space    used 11680K, committed 11968K, reserved 1048576K
}
Event: 10.090 GC heap before
{Heap before GC invocations=27 (full 0):
 garbage-first heap   total 163840K, used 119643K [0x0000000085000000, 0x0000000100000000)
  region size 1024K, 69 young (70656K), 7 survivors (7168K)
 Metaspace       used 84444K, committed 85184K, reserved 1122304K
  class space    used 12402K, committed 12800K, reserved 1048576K
}
Event: 10.097 GC heap after
{Heap after GC invocations=28 (full 0):
 garbage-first heap   total 163840K, used 60925K [0x0000000085000000, 0x0000000100000000)
  region size 1024K, 9 young (9216K), 9 survivors (9216K)
 Metaspace       used 84444K, committed 85184K, reserved 1122304K
  class space    used 12402K, committed 12800K, reserved 1048576K
}
Event: 40.945 GC heap before
{Heap before GC invocations=28 (full 0):
 garbage-first heap   total 163840K, used 122365K [0x0000000085000000, 0x0000000100000000)
  region size 1024K, 70 young (71680K), 9 survivors (9216K)
 Metaspace       used 93536K, committed 94336K, reserved 1130496K
  class space    used 13695K, committed 14080K, reserved 1048576K
}
Event: 40.951 GC heap after
{Heap after GC invocations=29 (full 0):
 garbage-first heap   total 163840K, used 63945K [0x0000000085000000, 0x0000000100000000)
  region size 1024K, 8 young (8192K), 8 survivors (8192K)
 Metaspace       used 93536K, committed 94336K, reserved 1130496K
  class space    used 13695K, committed 14080K, reserved 1048576K
}
Event: 41.069 GC heap before
{Heap before GC invocations=29 (full 0):
 garbage-first heap   total 163840K, used 65993K [0x0000000085000000, 0x0000000100000000)
  region size 1024K, 11 young (11264K), 8 survivors (8192K)
 Metaspace       used 93631K, committed 94400K, reserved 1130496K
  class space    used 13717K, committed 14080K, reserved 1048576K
}
Event: 41.149 GC heap after
{Heap after GC invocations=30 (full 1):
 garbage-first heap   total 150528K, used 42063K [0x0000000085000000, 0x0000000100000000)
  region size 1024K, 0 young (0K), 0 survivors (0K)
 Metaspace       used 93597K, committed 94400K, reserved 1130496K
  class space    used 13711K, committed 14080K, reserved 1048576K
}
Event: 41.871 GC heap before
{Heap before GC invocations=30 (full 1):
 garbage-first heap   total 150528K, used 108623K [0x0000000085000000, 0x0000000100000000)
  region size 1024K, 66 young (67584K), 0 survivors (0K)
 Metaspace       used 93926K, committed 94720K, reserved 1130496K
  class space    used 13756K, committed 14144K, reserved 1048576K
}
Event: 41.875 GC heap after
{Heap after GC invocations=31 (full 1):
 garbage-first heap   total 150528K, used 47115K [0x0000000085000000, 0x0000000100000000)
  region size 1024K, 5 young (5120K), 5 survivors (5120K)
 Metaspace       used 93926K, committed 94720K, reserved 1130496K
  class space    used 13756K, committed 14144K, reserved 1048576K
}
Event: 41.882 GC heap before
{Heap before GC invocations=31 (full 1):
 garbage-first heap   total 150528K, used 111627K [0x0000000085000000, 0x0000000100000000)
  region size 1024K, 69 young (70656K), 5 survivors (5120K)
 Metaspace       used 93926K, committed 94720K, reserved 1130496K
  class space    used 13756K, committed 14144K, reserved 1048576K
}
Event: 41.884 GC heap after
{Heap after GC invocations=32 (full 1):
 garbage-first heap   total 150528K, used 46806K [0x0000000085000000, 0x0000000100000000)
  region size 1024K, 5 young (5120K), 5 survivors (5120K)
 Metaspace       used 93926K, committed 94720K, reserved 1130496K
  class space    used 13756K, committed 14144K, reserved 1048576K
}
Event: 42.203 GC heap before
{Heap before GC invocations=32 (full 1):
 garbage-first heap   total 150528K, used 114390K [0x0000000085000000, 0x0000000100000000)
  region size 1024K, 72 young (73728K), 5 survivors (5120K)
 Metaspace       used 94032K, committed 94784K, reserved 1130496K
  class space    used 13774K, committed 14144K, reserved 1048576K
}

