# JRE version: OpenJDK Runtime Environment Corretto-17.0.13.11.1 (17.0.13+11) (build 17.0.13+11-LTS)
# Java VM: OpenJDK 64-Bit Server VM Corretto-17.0.13.11.1 (17.0.13+11-LTS, mixed mode, emulated-client, sharing, tiered, compressed oops, compressed class ptrs, g1 gc, windows-amd64)
GC Precious Log:
 CPUs: 8 total, 8 available
 Memory: 7975M
 Large Page Support: Disabled
 NUMA Support: Disabled
 Compressed Oops: Enabled (32-bit)
 Heap Region Size: 1M
 Heap Min Capacity: 8M
 Heap Initial Capacity: 126M
 Heap Max Capacity: 1994M
 Pre-touch: Disabled
 Parallel Workers: 8
 Concurrent Workers: 2
 Concurrent Refinement Workers: 8
 Periodic GC: Disabled
Heap:
 garbage-first heap   total 86016K, used 46528K [0x0000000083600000, 0x0000000100000000)
  region size 1024K, 4 young (4096K), 2 survivors (2048K)
 Metaspace       used 83948K, committed 84608K, reserved 1179648K
  class space    used 12427K, committed 12736K, reserved 1048576K
GC Heap History (20 events):
Event: 5.986 GC heap before
{Heap before GC invocations=16 (full 0):
 garbage-first heap   total 86016K, used 29995K [0x0000000083600000, 0x0000000100000000)
  region size 1024K, 5 young (5120K), 4 survivors (4096K)
 Metaspace       used 59839K, committed 60416K, reserved 1114112K
  class space    used 8715K, committed 8960K, reserved 1048576K
}
Event: 5.989 GC heap after
{Heap after GC invocations=17 (full 0):
 garbage-first heap   total 86016K, used 30474K [0x0000000083600000, 0x0000000100000000)
  region size 1024K, 3 young (3072K), 3 survivors (3072K)
 Metaspace       used 59839K, committed 60416K, reserved 1114112K
  class space    used 8715K, committed 8960K, reserved 1048576K
}
Event: 6.448 GC heap before
{Heap before GC invocations=18 (full 0):
 garbage-first heap   total 86016K, used 66314K [0x0000000083600000, 0x0000000100000000)
  region size 1024K, 39 young (39936K), 3 survivors (3072K)
 Metaspace       used 64141K, committed 64768K, reserved 1114112K
  class space    used 9643K, committed 9920K, reserved 1048576K
}
Event: 6.452 GC heap after
{Heap after GC invocations=19 (full 0):
 garbage-first heap   total 86016K, used 33831K [0x0000000083600000, 0x0000000100000000)
  region size 1024K, 5 young (5120K), 5 survivors (5120K)
 Metaspace       used 64141K, committed 64768K, reserved 1114112K
  class space    used 9643K, committed 9920K, reserved 1048576K
}
Event: 6.504 GC heap before
{Heap before GC invocations=19 (full 0):
 garbage-first heap   total 86016K, used 67623K [0x0000000083600000, 0x0000000100000000)
  region size 1024K, 38 young (38912K), 5 survivors (5120K)
 Metaspace       used 64152K, committed 64768K, reserved 1114112K
  class space    used 9643K, committed 9920K, reserved 1048576K
}
Event: 6.508 GC heap after
{Heap after GC invocations=20 (full 0):
 garbage-first heap   total 86016K, used 36490K [0x0000000083600000, 0x0000000100000000)
  region size 1024K, 3 young (3072K), 3 survivors (3072K)
 Metaspace       used 64152K, committed 64768K, reserved 1114112K
  class space    used 9643K, committed 9920K, reserved 1048576K
}
Event: 6.974 GC heap before
{Heap before GC invocations=20 (full 0):
 garbage-first heap   total 86016K, used 66186K [0x0000000083600000, 0x0000000100000000)
  region size 1024K, 33 young (33792K), 3 survivors (3072K)
 Metaspace       used 69290K, committed 69952K, reserved 1114112K
  class space    used 10385K, committed 10688K, reserved 1048576K
}
Event: 6.978 GC heap after
{Heap after GC invocations=21 (full 0):
 garbage-first heap   total 86016K, used 38133K [0x0000000083600000, 0x0000000100000000)
  region size 1024K, 5 young (5120K), 5 survivors (5120K)
 Metaspace       used 69290K, committed 69952K, reserved 1114112K
  class space    used 10385K, committed 10688K, reserved 1048576K
}
Event: 8.353 GC heap before
{Heap before GC invocations=21 (full 0):
 garbage-first heap   total 86016K, used 66805K [0x0000000083600000, 0x0000000100000000)
  region size 1024K, 34 young (34816K), 5 survivors (5120K)
 Metaspace       used 76243K, committed 76864K, reserved 1179648K
  class space    used 11279K, committed 11584K, reserved 1048576K
}
Event: 8.358 GC heap after
{Heap after GC invocations=22 (full 0):
 garbage-first heap   total 86016K, used 41071K [0x0000000083600000, 0x0000000100000000)
  region size 1024K, 5 young (5120K), 5 survivors (5120K)
 Metaspace       used 76243K, committed 76864K, reserved 1179648K
  class space    used 11279K, committed 11584K, reserved 1048576K
}
Event: 8.737 GC heap before
{Heap before GC invocations=22 (full 0):
 garbage-first heap   total 86016K, used 68719K [0x0000000083600000, 0x0000000100000000)
  region size 1024K, 32 young (32768K), 5 survivors (5120K)
 Metaspace       used 77494K, committed 78144K, reserved 1179648K
  class space    used 11474K, committed 11776K, reserved 1048576K
}
Event: 8.740 GC heap after
{Heap after GC invocations=23 (full 0):
 garbage-first heap   total 86016K, used 42629K [0x0000000083600000, 0x0000000100000000)
  region size 1024K, 2 young (2048K), 2 survivors (2048K)
 Metaspace       used 77494K, committed 78144K, reserved 1179648K
  class space    used 11474K, committed 11776K, reserved 1048576K
}
Event: 9.133 GC heap before
{Heap before GC invocations=23 (full 0):
 garbage-first heap   total 86016K, used 69253K [0x0000000083600000, 0x0000000100000000)
  region size 1024K, 28 young (28672K), 2 survivors (2048K)
 Metaspace       used 79934K, committed 80640K, reserved 1179648K
  class space    used 11825K, committed 12160K, reserved 1048576K
}
Event: 9.135 GC heap after
{Heap after GC invocations=24 (full 0):
 garbage-first heap   total 86016K, used 44112K [0x0000000083600000, 0x0000000100000000)
  region size 1024K, 4 young (4096K), 4 survivors (4096K)
 Metaspace       used 79934K, committed 80640K, reserved 1179648K
  class space    used 11825K, committed 12160K, reserved 1048576K
}
Event: 9.481 GC heap before
{Heap before GC invocations=25 (full 0):
 garbage-first heap   total 86016K, used 68688K [0x0000000083600000, 0x0000000100000000)
  region size 1024K, 28 young (28672K), 4 survivors (4096K)
 Metaspace       used 81056K, committed 81664K, reserved 1179648K
  class space    used 12024K, committed 12288K, reserved 1048576K
}
Event: 9.485 GC heap after
{Heap after GC invocations=26 (full 0):
 garbage-first heap   total 86016K, used 45674K [0x0000000083600000, 0x0000000100000000)
  region size 1024K, 4 young (4096K), 4 survivors (4096K)
 Metaspace       used 81056K, committed 81664K, reserved 1179648K
  class space    used 12024K, committed 12288K, reserved 1048576K
}
Event: 9.504 GC heap before
{Heap before GC invocations=26 (full 0):
 garbage-first heap   total 86016K, used 46698K [0x0000000083600000, 0x0000000100000000)
  region size 1024K, 5 young (5120K), 4 survivors (4096K)
 Metaspace       used 81190K, committed 81856K, reserved 1179648K
  class space    used 12043K, committed 12352K, reserved 1048576K
}
Event: 9.507 GC heap after
{Heap after GC invocations=27 (full 0):
 garbage-first heap   total 86016K, used 45192K [0x0000000083600000, 0x0000000100000000)
  region size 1024K, 1 young (1024K), 1 survivors (1024K)
 Metaspace       used 81190K, committed 81856K, reserved 1179648K
  class space    used 12043K, committed 12352K, reserved 1048576K
}
Event: 9.944 GC heap before
{Heap before GC invocations=27 (full 0):
 garbage-first heap   total 86016K, used 68744K [0x0000000083600000, 0x0000000100000000)
  region size 1024K, 25 young (25600K), 1 survivors (1024K)
 Metaspace       used 83806K, committed 84480K, reserved 1179648K
  class space    used 12427K, committed 12736K, reserved 1048576K
}
Event: 9.947 GC heap after
{Heap after GC invocations=28 (full 0):
 garbage-first heap   total 86016K, used 46528K [0x0000000083600000, 0x0000000100000000)
  region size 1024K, 2 young (2048K), 2 survivors (2048K)
 Metaspace       used 83806K, committed 84480K, reserved 1179648K
  class space    used 12427K, committed 12736K, reserved 1048576K
}

